
> pokedex@1.0.0 start
> ng serve --host 0.0.0.0 --port 4200

Warning: This is a simple server for use in testing or debugging Angular applications
locally. It hasn't been reviewed for security issues.

Binding this server to an open connection can result in compromising your application or
computer. Using a different host than the one passed to the "--host" flag might result in
websocket connection issues. You might need to use "--disable-host-check" if that's the
case.
- Generating browser application bundles (phase: setup)...
✔ Browser application bundle generation complete.

Initial Chunk Files   | Names         |  Raw Size
vendor.js             | vendor        |   2.77 MB |
polyfills.js          | polyfills     | 318.00 kB |
styles.css, styles.js | styles        | 232.09 kB |
main.js               | main          |  21.13 kB |
runtime.js            | runtime       |   6.51 kB |

| Initial Total |   3.33 MB

Build at: 2026-02-01T18:49:37.158Z - Hash: 28ab41e27f857735 - Time: 4054ms

Error: src/app/components/pokemon-card/pokemon-card.component.html:80:25 - error NG5002: Opening tag "div" not terminated.

80                         <div *ngFor="let active of getPowerSegments(move.powerSegments)"
                           ~~~~~~~~~~~~~~~~~~~~~~~~~~~~~~~~~~~~~~~~~~~~~~~~~~~~~~~~~~~~~~~~
81                             class="w-[3px] h-2.5 rounded-[1px] transition-all duration-300"
   ~~~~~~~~~~~~~~~~~~~~~~~~~~~~~~~~~~~~~~~~~~~~~~~~~~~~~~~~~~~~~~~~~~~~~~~~~~~~~~~~~~~~~~~~~~~
82                             [class.bg-white]="active"
   ~~~~~~~~~~~~~~~~~~~~~~~~~~~~~~~~~~~~~~~~~~~~~~~~~~~~~
83                             [class.bg-white/10]="!active"
   ~~~~~~~~~~~~~~~~~~~~~~~~~~~~~~~~~~~~~~~~~~~~

  src/app/components/pokemon-card/pokemon-card.component.ts:8:16
    8   templateUrl: './pokemon-card.component.html',
                     ~~~~~~~~~~~~~~~~~~~~~~~~~~~~~~~
    Error occurs in the template of component PokemonCardComponent.


Error: src/app/components/pokemon-card/pokemon-card.component.html:94:1 - error NG5002: Unexpected closing tag "div". It may happen when the tag has already been closed by another tag. For more info see https://www.w3.org/TR/html5/syntax.html#closing-elements-that-have-implied-end-tags

94 </div>
   ~~~~~~

  src/app/components/pokemon-card/pokemon-card.component.ts:8:16
    8   templateUrl: './pokemon-card.component.html',
                     ~~~~~~~~~~~~~~~~~~~~~~~~~~~~~~~
    Error occurs in the template of component PokemonCardComponent.




** Angular Live Development Server is listening on 0.0.0.0:4200, open your browser on http://localhost:4200/ **


✖ Failed to compile.
✔ Browser application bundle generation complete.

Initial Chunk Files | Names   | Raw Size
main.js             | main    | 25.44 kB |
runtime.js          | runtime |  6.51 kB |

3 unchanged chunks

Build at: 2026-02-01T18:52:08.372Z - Hash: b3a55d25a3b43828 - Time: 1080ms

✔ Compiled successfully.
✔ Browser application bundle generation complete.

Initial Chunk Files | Names   | Raw Size
main.js             | main    | 28.88 kB |
runtime.js          | runtime |  6.51 kB |

3 unchanged chunks

Build at: 2026-02-01T18:52:34.588Z - Hash: 381e9e86d6b6da8e - Time: 688ms

✔ Compiled successfully.
✔ Browser application bundle generation complete.

Initial Chunk Files | Names   | Raw Size
main.js             | main    | 21.13 kB |
runtime.js          | runtime |  6.51 kB |

3 unchanged chunks

Build at: 2026-02-01T18:53:16.558Z - Hash: 28ab41e27f857735 - Time: 1205ms

Error: src/app/components/pokemon-card/pokemon-card.component.html:80:25 - error NG5002: Opening tag "div" not terminated.

80                         <div *ngFor="let active of getPowerSegments(move.powerSegments)"
                           ~~~~~~~~~~~~~~~~~~~~~~~~~~~~~~~~~~~~~~~~~~~~~~~~~~~~~~~~~~~~~~~~
81                             class="w-[3px] h-2.5 rounded-[1px] transition-all duration-300"
   ~~~~~~~~~~~~~~~~~~~~~~~~~~~~~~~~~~~~~~~~~~~~~~~~~~~~~~~~~~~~~~~~~~~~~~~~~~~~~~~~~~~~~~~~~~~
82                             [class.bg-white]="active"
   ~~~~~~~~~~~~~~~~~~~~~~~~~~~~~~~~~~~~~~~~~~~~~~~~~~~~~
83                             [class.bg-white/10]="!active"
   ~~~~~~~~~~~~~~~~~~~~~~~~~~~~~~~~~~~~~~~~~~~~

  src/app/components/pokemon-card/pokemon-card.component.ts:8:16
    8   templateUrl: './pokemon-card.component.html',
                     ~~~~~~~~~~~~~~~~~~~~~~~~~~~~~~~
    Error occurs in the template of component PokemonCardComponent.


Error: src/app/components/pokemon-card/pokemon-card.component.html:94:1 - error NG5002: Unexpected closing tag "div". It may happen when the tag has already been closed by another tag. For more info see https://www.w3.org/TR/html5/syntax.html#closing-elements-that-have-implied-end-tags

94 </div>
   ~~~~~~

  src/app/components/pokemon-card/pokemon-card.component.ts:8:16
    8   templateUrl: './pokemon-card.component.html',
                     ~~~~~~~~~~~~~~~~~~~~~~~~~~~~~~~
    Error occurs in the template of component PokemonCardComponent.




✖ Failed to compile.
✔ Browser application bundle generation complete.

Initial Chunk Files | Names   | Raw Size
main.js             | main    | 35.09 kB |
runtime.js          | runtime |  6.51 kB |

3 unchanged chunks

Build at: 2026-02-01T18:53:57.539Z - Hash: d4f1e882f7798514 - Time: 773ms

✔ Compiled successfully.
✔ Browser application bundle generation complete.

Initial Chunk Files | Names   | Raw Size
main.js             | main    | 36.35 kB |
runtime.js          | runtime |  6.51 kB |

3 unchanged chunks

Build at: 2026-02-01T18:54:38.266Z - Hash: f3c8e4e7907df433 - Time: 931ms

✔ Compiled successfully.
✔ Browser application bundle generation complete.

Initial Chunk Files | Names   | Raw Size
main.js             | main    | 35.73 kB |
runtime.js          | runtime |  6.51 kB |

3 unchanged chunks

Build at: 2026-02-01T18:57:37.930Z - Hash: f6781a12508e9fdd - Time: 1090ms

✔ Compiled successfully.
✔ Browser application bundle generation complete.

Initial Chunk Files | Names   | Raw Size
main.js             | main    | 35.84 kB |
runtime.js          | runtime |  6.51 kB |

3 unchanged chunks

Build at: 2026-02-01T18:58:32.395Z - Hash: 21da5aa7a40ff20d - Time: 632ms

✔ Compiled successfully.
Terminated
